<?xml version="1.0" encoding="UTF-8"?>
<testng-results skipped="0" failed="0" total="1" passed="1">
  <reporter-output>
  </reporter-output>
  <suite name="Command line suite" duration-ms="77" started-at="2019-05-07T07:26:50Z" finished-at="2019-05-07T07:26:51Z">
    <groups>
    </groups>
    <test name="Command line test" duration-ms="77" started-at="2019-05-07T07:26:50Z" finished-at="2019-05-07T07:26:51Z">
      <class name="com.mvn.Sample1.AppTest">
        <test-method status="PASS" signature="testApp()[pri:0, instance:testApp(com.mvn.Sample1.AppTest)]" name="testApp" duration-ms="3" started-at="2019-05-07T12:56:51Z" finished-at="2019-05-07T12:56:51Z">
          <reporter-output>
          </reporter-output>
        </test-method> <!-- testApp -->
      </class> <!-- com.mvn.Sample1.AppTest -->
    </test> <!-- Command line test -->
  </suite> <!-- Command line suite -->
</testng-results>
